<beans xmlns="http://www.springframework.org/schema/beans" 
xmlns:context="http://www.springframework.org/schema/context" 
xmlns:aop="http://www.springframework.org/schema/aop" 
xmlns:xsi="http://www.w3.org/2001/XMLSchema-instance"
xmlns:mvc="http://www.springframework.org/schema/mvc"
xsi:schemaLocation="http://www.springframework.org/schema/beans  
					http://www.springframework.org/schema/beans/spring-beans-3.2.xsd  
					http://www.springframework.org/schema/context 
					http://www.springframework.org/schema/context/spring-context-3.2.xsd 
					http://www.springframework.org/schema/mvc 
					http://www.springframework.org/schema/mvc/spring-mvc-3.2.xsd 
					http://www.springframework.org/schema/aop 
					http://www.springframework.org/schema/aop/spring-aop-3.2.xsd">
	
	<mvc:resources location="/static/" mapping="/static/**"/>
	<mvc:resources location="/imagerepo/" mapping="imagerepo/**"/>
	<mvc:annotation-driven />
	<context:component-scan base-package="com.anucana" />

	<bean class="org.springframework.web.servlet.view.ContentNegotiatingViewResolver">
	  <property name="order" value="1" />
		<property name="defaultViews">
			<list>
			  <bean class="com.anucana.web.views.ErrorHandlingJsonView"></bean>		
			</list>
		</property>
	</bean>
 
	<bean class="org.springframework.web.servlet.view.InternalResourceViewResolver">
		<property name="order" value="2" />
		<property name="prefix">
			<value>/WEB-INF/views/</value>
		</property>
		<property name="suffix">
			<value>.jsp</value>
		</property>
	</bean>
	
	
	<bean id="multipartResolver" class="org.springframework.web.multipart.commons.CommonsMultipartResolver">
		<property name="maxUploadSize">
			<value>500000</value>
		</property>
	</bean>	
	
	
</beans>