<beans xmlns="http://www.springframework.org/schema/beans" 
	   	xmlns:context="http://www.springframework.org/schema/context" 
		xmlns:xsi="http://www.w3.org/2001/XMLSchema-instance" 
		xmlns:mvc="http://www.springframework.org/schema/mvc"
		xmlns:security="http://www.springframework.org/schema/security"
		xmlns:util="http://www.springframework.org/schema/util"
		xsi:schemaLocation="http://www.springframework.org/schema/beans  
							http://www.springframework.org/schema/beans/spring-beans-3.0.xsd  
							http://www.springframework.org/schema/context 
							http://www.springframework.org/schema/context/spring-context-3.0.xsd 
							http://www.springframework.org/schema/mvc 
							http://www.springframework.org/schema/mvc/spring-mvc-3.0.xsd 
							http://www.springframework.org/schema/security
							http://www.springframework.org/schema/security/spring-security-3.2.xsd
							http://www.springframework.org/schema/util
							http://www.springframework.org/schema/util/spring-util-2.5.xsd">

	<mvc:annotation-driven />
	<context:component-scan base-package="com.anucana" />

	<bean class="org.springframework.web.servlet.view.ContentNegotiatingViewResolver">
	  <property name="order" value="1" />
		<property name="defaultViews">
			<list>
			  <bean class="com.anucana.web.views.ErrorHandlingJsonView"></bean>		
			</list>
		</property>
	</bean>
 
	<bean class="org.springframework.web.servlet.view.InternalResourceViewResolver">
		<property name="order" value="2" />
		<property name="prefix">
			<value>/WEB-INF/views/</value>
		</property>
		<property name="suffix">
			<value>.jsp</value>
		</property>
	</bean>
	
	<bean id="messageSource" class="org.springframework.context.support.ResourceBundleMessageSource">
		<property name="basename">
			<value>\META-INF\messages\validation</value>
		</property>
	</bean>
	
	<!-- 
	<bean class="org.springframework.validation.beanvalidation.LocalValidatorFactoryBean">
		<property name="providerClass"><value>org.hibernate.validator.HibernateValidator</value></property>
	</bean>
	 -->
</beans>